Epoch: [0][0/695] Time: 4.435 (4.435) lr:0.01 Loss: 29.9930 (29.9930) adj_Loss: 21.1660 (21.1660) Accu: 0.02
Epoch: [0][10/695] Time: 1.783 (1.862) lr:0.01 Loss: 60.6982 (50.9807) adj_Loss: 21.1660 (21.1660) Accu: 0.00
Epoch: [0][20/695] Time: 1.414 (1.698) lr:0.01 Loss: 77.5724 (61.0297) adj_Loss: 21.1660 (21.1660) Accu: 0.00
Epoch: [0][30/695] Time: 1.578 (1.640) lr:0.01 Loss: 78.0026 (67.2749) adj_Loss: 21.1659 (21.1659) Accu: 0.02
Epoch: [0][40/695] Time: 1.322 (1.608) lr:0.01 Loss: 67.3481 (68.3003) adj_Loss: 21.1659 (21.1654) Accu: 0.00
Epoch: [0][50/695] Time: 1.391 (1.566) lr:0.01 Loss: 57.6343 (67.3366) adj_Loss: 21.1660 (21.1656) Accu: 0.00
Epoch: [0][60/695] Time: 1.366 (1.540) lr:0.01 Loss: 53.0631 (65.7670) adj_Loss: 21.1660 (21.1654) Accu: 0.00
Epoch: [0][70/695] Time: 1.649 (1.525) lr:0.01 Loss: 50.0084 (63.6435) adj_Loss: 21.1660 (21.1655) Accu: 0.00
Epoch: [0][80/695] Time: 1.738 (1.541) lr:0.01 Loss: 47.1128 (61.6442) adj_Loss: 21.1660 (21.1653) Accu: 0.00
Epoch: [0][90/695] Time: 1.421 (1.527) lr:0.01 Loss: 43.2625 (59.7314) adj_Loss: 21.1660 (21.1654) Accu: 0.02
Epoch: [0][100/695] Time: 1.554 (1.526) lr:0.01 Loss: 39.0639 (57.8676) adj_Loss: 21.1660 (21.1654) Accu: 0.02
Epoch: [0][110/695] Time: 1.468 (1.517) lr:0.01 Loss: 38.1856 (56.2243) adj_Loss: 21.1660 (21.1655) Accu: 0.00
Epoch: [0][120/695] Time: 1.683 (1.514) lr:0.01 Loss: 38.0007 (54.6912) adj_Loss: 21.1660 (21.1655) Accu: 0.02
Epoch: [0][130/695] Time: 1.453 (1.520) lr:0.01 Loss: 36.8246 (53.2728) adj_Loss: 21.1660 (21.1656) Accu: 0.02
Epoch: [0][140/695] Time: 1.331 (1.511) lr:0.01 Loss: 32.6982 (51.8638) adj_Loss: 21.1660 (21.1656) Accu: 0.00
Epoch: [0][150/695] Time: 1.498 (1.514) lr:0.01 Loss: 31.6678 (50.5937) adj_Loss: 21.1660 (21.1656) Accu: 0.00
Epoch: [0][160/695] Time: 1.627 (1.517) lr:0.01 Loss: 31.0691 (49.3932) adj_Loss: 21.1660 (21.1656) Accu: 0.00
Epoch: [0][170/695] Time: 1.259 (1.515) lr:0.01 Loss: 31.0930 (48.3110) adj_Loss: 21.1660 (21.1657) Accu: 0.00
Epoch: [0][180/695] Time: 1.452 (1.507) lr:0.01 Loss: 27.7318 (47.2506) adj_Loss: 21.1660 (21.1657) Accu: 0.03
Epoch: [0][190/695] Time: 1.455 (1.504) lr:0.01 Loss: 27.4206 (46.2281) adj_Loss: 21.1660 (21.1657) Accu: 0.00
Epoch: [0][200/695] Time: 1.513 (1.501) lr:0.01 Loss: 26.4861 (45.2524) adj_Loss: 21.1660 (21.1657) Accu: 0.00
Epoch: [0][210/695] Time: 1.621 (1.505) lr:0.01 Loss: 25.8367 (44.3547) adj_Loss: 21.1660 (21.1657) Accu: 0.00
Epoch: [0][220/695] Time: 1.461 (1.507) lr:0.01 Loss: 26.3501 (43.5172) adj_Loss: 21.1660 (21.1657) Accu: 0.03
Epoch: [0][230/695] Time: 1.689 (1.509) lr:0.01 Loss: 24.0431 (42.7095) adj_Loss: 21.1660 (21.1657) Accu: 0.02
Epoch: [0][240/695] Time: 1.346 (1.508) lr:0.01 Loss: 24.4069 (41.9407) adj_Loss: 21.1660 (21.1657) Accu: 0.00
Epoch: [0][250/695] Time: 1.443 (1.509) lr:0.01 Loss: 24.9495 (41.2266) adj_Loss: 21.1660 (21.1657) Accu: 0.00
Epoch: [0][260/695] Time: 1.728 (1.507) lr:0.01 Loss: 24.0557 (40.5411) adj_Loss: 21.1660 (21.1657) Accu: 0.02
Epoch: [0][270/695] Time: 1.731 (1.514) lr:0.01 Loss: 21.7351 (39.8677) adj_Loss: 21.1660 (21.1657) Accu: 0.00
Epoch: [0][280/695] Time: 1.340 (1.513) lr:0.01 Loss: 21.9862 (39.2248) adj_Loss: 21.1660 (21.1657) Accu: 0.03
Epoch: [0][290/695] Time: 1.423 (1.511) lr:0.01 Loss: 20.9907 (38.5995) adj_Loss: 21.1660 (21.1657) Accu: 0.00
Epoch: [0][300/695] Time: 1.428 (1.508) lr:0.01 Loss: 19.7053 (38.0018) adj_Loss: 21.1660 (21.1657) Accu: 0.00
Epoch: [0][310/695] Time: 1.468 (1.508) lr:0.01 Loss: 19.1359 (37.4271) adj_Loss: 21.1660 (21.1657) Accu: 0.02
Epoch: [0][320/695] Time: 1.416 (1.509) lr:0.01 Loss: 19.9480 (36.8809) adj_Loss: 21.1660 (21.1657) Accu: 0.00
Epoch: [0][330/695] Time: 1.729 (1.508) lr:0.01 Loss: 19.1093 (36.3379) adj_Loss: 21.1660 (21.1658) Accu: 0.00
Epoch: [0][340/695] Time: 1.655 (1.508) lr:0.01 Loss: 17.5636 (35.8204) adj_Loss: 21.1659 (21.1658) Accu: 0.00
Epoch: [0][350/695] Time: 1.321 (1.506) lr:0.01 Loss: 17.6587 (35.3152) adj_Loss: 21.1660 (21.1658) Accu: 0.00
Epoch: [0][360/695] Time: 1.423 (1.505) lr:0.01 Loss: 16.7571 (34.8310) adj_Loss: 21.1660 (21.1658) Accu: 0.02
Epoch: [0][370/695] Time: 1.408 (1.504) lr:0.01 Loss: 17.4305 (34.3604) adj_Loss: 21.1660 (21.1658) Accu: 0.00
Epoch: [0][380/695] Time: 1.477 (1.505) lr:0.01 Loss: 17.1074 (33.9091) adj_Loss: 21.1660 (21.1658) Accu: 0.00
Epoch: [0][390/695] Time: 1.330 (1.503) lr:0.01 Loss: 16.3994 (33.4727) adj_Loss: 21.1660 (21.1658) Accu: 0.03
Epoch: [0][400/695] Time: 1.452 (1.503) lr:0.01 Loss: 16.7461 (33.0440) adj_Loss: 21.1660 (21.1658) Accu: 0.05
Epoch: [0][410/695] Time: 1.573 (1.501) lr:0.01 Loss: 16.0822 (32.6212) adj_Loss: 21.1660 (21.1658) Accu: 0.00
Epoch: [0][420/695] Time: 1.436 (1.501) lr:0.01 Loss: 15.8831 (32.2121) adj_Loss: 21.1660 (21.1658) Accu: 0.00
Epoch: [0][430/695] Time: 1.469 (1.500) lr:0.01 Loss: 14.7393 (31.8172) adj_Loss: 21.1660 (21.1658) Accu: 0.00
Epoch: [0][440/695] Time: 1.324 (1.498) lr:0.01 Loss: 14.6067 (31.4309) adj_Loss: 21.1660 (21.1658) Accu: 0.00
Epoch: [0][450/695] Time: 1.462 (1.497) lr:0.01 Loss: 14.3219 (31.0604) adj_Loss: 21.1187 (21.1657) Accu: 0.03
Epoch: [0][460/695] Time: 1.381 (1.495) lr:0.01 Loss: nan (nan) adj_Loss: nan (nan) Accu: 0.00
Epoch: [0][470/695] Time: 1.693 (1.496) lr:0.01 Loss: nan (nan) adj_Loss: nan (nan) Accu: 0.00
Epoch: [0][480/695] Time: 1.431 (1.497) lr:0.01 Loss: nan (nan) adj_Loss: nan (nan) Accu: 0.00
Epoch: [0][490/695] Time: 1.516 (1.496) lr:0.01 Loss: nan (nan) adj_Loss: nan (nan) Accu: 0.00
Epoch: [0][500/695] Time: 1.411 (1.497) lr:0.01 Loss: nan (nan) adj_Loss: nan (nan) Accu: 0.00
Epoch: [0][510/695] Time: 1.417 (1.494) lr:0.01 Loss: nan (nan) adj_Loss: nan (nan) Accu: 0.00
Epoch: [0][520/695] Time: 1.453 (1.492) lr:0.01 Loss: nan (nan) adj_Loss: nan (nan) Accu: 0.00
Epoch: [0][530/695] Time: 1.443 (1.492) lr:0.01 Loss: nan (nan) adj_Loss: nan (nan) Accu: 0.00
Epoch: [0][540/695] Time: 1.403 (1.491) lr:0.01 Loss: nan (nan) adj_Loss: nan (nan) Accu: 0.00
Epoch: [0][550/695] Time: 1.366 (1.491) lr:0.01 Loss: nan (nan) adj_Loss: nan (nan) Accu: 0.00
Epoch: [0][560/695] Time: 1.416 (1.490) lr:0.01 Loss: nan (nan) adj_Loss: nan (nan) Accu: 0.00
Epoch: [0][570/695] Time: 1.728 (1.491) lr:0.01 Loss: nan (nan) adj_Loss: nan (nan) Accu: 0.12
Epoch: [0][580/695] Time: 1.326 (1.491) lr:0.01 Loss: nan (nan) adj_Loss: nan (nan) Accu: 0.00
Epoch: [0][590/695] Time: 1.533 (1.489) lr:0.01 Loss: nan (nan) adj_Loss: nan (nan) Accu: 0.00
Epoch: [0][600/695] Time: 1.563 (1.489) lr:0.01 Loss: nan (nan) adj_Loss: nan (nan) Accu: 0.00
Epoch: [0][610/695] Time: 1.418 (1.488) lr:0.01 Loss: nan (nan) adj_Loss: nan (nan) Accu: 0.00
Epoch: [0][620/695] Time: 1.237 (1.486) lr:0.01 Loss: nan (nan) adj_Loss: nan (nan) Accu: 0.00
Epoch: [0][630/695] Time: 1.396 (1.484) lr:0.01 Loss: nan (nan) adj_Loss: nan (nan) Accu: 0.12
Epoch: [0][640/695] Time: 1.308 (1.483) lr:0.01 Loss: nan (nan) adj_Loss: nan (nan) Accu: 0.00
Epoch: [0][650/695] Time: 1.676 (1.483) lr:0.01 Loss: nan (nan) adj_Loss: nan (nan) Accu: 0.00
Epoch: [0][660/695] Time: 1.315 (1.481) lr:0.01 Loss: nan (nan) adj_Loss: nan (nan) Accu: 0.00
Epoch: [0][670/695] Time: 1.347 (1.479) lr:0.01 Loss: nan (nan) adj_Loss: nan (nan) Accu: 0.00
Epoch: [0][680/695] Time: 1.380 (1.478) lr:0.01 Loss: nan (nan) adj_Loss: nan (nan) Accu: 0.00
Epoch: [0][690/695] Time: 1.374 (1.477) lr:0.01 Loss: nan (nan) adj_Loss: nan (nan) Accu: 0.00
WARNING:root:NaN or Inf found in input tensor.
WARNING:root:NaN or Inf found in input tensor.
epoch time :  17.13937136332194  min
==> Preparing Data Loader...